#
# A fatal error has been detected by the Java Runtime Environment:
#
#  SIGSEGV (0xb) at pc=0x000000011e26a71f, pid=21788, tid=88579
#
# JRE version: OpenJDK Runtime Environment (Zulu11.35+13-CA) (11.0.5+10) (build 11.0.5+10-LTS)
# Java VM: OpenJDK 64-Bit Server VM (11.0.5+10-LTS, mixed mode, tiered, compressed oops, g1 gc, bsd-amd64)
# Problematic frame:
# C  [libjimage.dylib+0x171f]  ImageStrings::find(Endian*, char const*, int*, unsigned int)+0x57
#
# No core dump will be written. Core dumps have been disabled. To enable core dumping, try "ulimit -c unlimited" before starting Java again
#
# If you would like to submit a bug report, please visit:
#   http://www.azulsystems.com/support/
#

---------------  S U M M A R Y ------------

Command Line: -Xmx2048M -Xss2M -XX:ErrorFile=/dev/null 

Host: MacBookPro14,2 x86_64 3500 MHz, 4 cores, 16G, Darwin 19.2.0
Time: Wed Feb  5 10:27:55 2020 EST elapsed time: 1 seconds (0d 0h 0m 1s)

---------------  T H R E A D  ---------------

Current thread (0x00007ff53d4f9000):  JavaThread "Thread-0" [_thread_in_vm, id=88579, stack(0x00007000112a5000,0x00007000114a5000)]

Stack: [0x00007000112a5000,0x00007000114a5000],  sp=0x000070001149ddf0,  free space=2019k
Native frames: (J=compiled Java code, A=aot compiled Java code, j=interpreted, Vv=VM code, C=native code)
C  [libjimage.dylib+0x171f]  ImageStrings::find(Endian*, char const*, int*, unsigned int)+0x57
C  [libjimage.dylib+0x240f]  ImageFileReader::find_location_index(char const*, unsigned long long*) const+0x3f
C  [libjimage.dylib+0x27a1]  JIMAGE_FindResource+0xd7
V  [libjvm.dylib+0x1fbb39]  ClassPathImageEntry::open_stream(char const*, Thread*)+0x45
V  [libjvm.dylib+0x1fdfd2]